0 verbose cli /usr/local/nvm/versions/node/v24.16.0/bin/node /usr/local/nvm/versions/node/v24.16.0/bin/npm
1 info using npm@11.16.0
2 info using node@v24.16.0
3 silly config load:file:/usr/local/nvm/versions/node/v24.16.0/lib/node_modules/npm/npmrc
4 silly config load:file:/home/jeevapown29/.npmrc
5 silly config load:file:/usr/local/nvm/versions/node/v24.16.0/etc/npmrc
6 verbose title npm install firebase
7 verbose argv "install" "firebase"
8 verbose logfile logs-max:10 dir:/home/jeevapown29/.npm/_logs/2026-06-11T22_15_55_580Z-
9 verbose logfile /home/jeevapown29/.npm/_logs/2026-06-11T22_15_55_580Z-debug-0.log
10 silly logfile done cleaning log files
11 silly allow-scripts no package.json at prefix Could not read package.json: Error: ENOENT: no such file or directory, open '/home/jeevapown29/package.json'
12 silly packumentCache heap:2348810240 maxSize:587202560 maxEntrySize:293601280
13 silly idealTree buildDeps
14 silly fetch manifest firebase@*
15 silly packumentCache full:https://registry.npmjs.org/firebase cache-miss
16 http fetch GET 200 https://registry.npmjs.org/firebase 721ms (cache miss)
17 silly packumentCache full:https://registry.npmjs.org/firebase set size:undefined disposed:false
18 silly placeDep ROOT firebase@12.14.0 OK for:  want: *
19 silly fetch manifest @firebase/ai@2.13.0
20 silly packumentCache full:https://registry.npmjs.org/@firebase%2fai cache-miss
21 http fetch GET 200 https://registry.npmjs.org/@firebase%2fai 66ms (cache miss)
22 silly packumentCache full:https://registry.npmjs.org/@firebase%2fai set size:undefined disposed:false
23 silly fetch manifest @firebase/app@0.14.13
24 silly packumentCache full:https://registry.npmjs.org/@firebase%2fapp cache-miss
25 http fetch GET 200 https://registry.npmjs.org/@firebase%2fapp 293ms (cache miss)
26 silly packumentCache full:https://registry.npmjs.org/@firebase%2fapp set size:undefined disposed:false
27 silly fetch manifest @firebase/app-compat@0.5.13
28 silly packumentCache full:https://registry.npmjs.org/@firebase%2fapp-compat cache-miss
29 http fetch GET 200 https://registry.npmjs.org/@firebase%2fapp-compat 157ms (cache miss)
30 silly packumentCache full:https://registry.npmjs.org/@firebase%2fapp-compat set size:undefined disposed:false
31 silly fetch manifest @firebase/app-types@0.9.5
32 silly packumentCache full:https://registry.npmjs.org/@firebase%2fapp-types cache-miss
33 http fetch GET 200 https://registry.npmjs.org/@firebase%2fapp-types 285ms (cache miss)
34 silly packumentCache full:https://registry.npmjs.org/@firebase%2fapp-types set size:undefined disposed:false
35 silly fetch manifest @firebase/auth@1.13.2
36 silly packumentCache full:https://registry.npmjs.org/@firebase%2fauth cache-miss
37 http fetch GET 200 https://registry.npmjs.org/@firebase%2fauth 318ms (cache miss)
38 silly packumentCache full:https://registry.npmjs.org/@firebase%2fauth set size:undefined disposed:false
39 silly fetch manifest @firebase/auth-compat@0.6.7
40 silly packumentCache full:https://registry.npmjs.org/@firebase%2fauth-compat cache-miss
41 http fetch GET 200 https://registry.npmjs.org/@firebase%2fauth-compat 187ms (cache miss)
42 silly packumentCache full:https://registry.npmjs.org/@firebase%2fauth-compat set size:undefined disposed:false
43 silly fetch manifest @firebase/data-connect@0.7.1
44 silly packumentCache full:https://registry.npmjs.org/@firebase%2fdata-connect cache-miss
45 http fetch GET 200 https://registry.npmjs.org/@firebase%2fdata-connect 72ms (cache miss)
46 silly packumentCache full:https://registry.npmjs.org/@firebase%2fdata-connect set size:undefined disposed:false
47 silly fetch manifest @firebase/database@1.1.3
48 silly packumentCache full:https://registry.npmjs.org/@firebase%2fdatabase cache-miss
49 http fetch GET 200 https://registry.npmjs.org/@firebase%2fdatabase 263ms (cache miss)
50 silly packumentCache full:https://registry.npmjs.org/@firebase%2fdatabase set size:undefined disposed:false
51 silly fetch manifest @firebase/database-compat@2.1.4
52 silly packumentCache full:https://registry.npmjs.org/@firebase%2fdatabase-compat cache-miss
53 http fetch GET 200 https://registry.npmjs.org/@firebase%2fdatabase-compat 156ms (cache miss)
54 silly packumentCache full:https://registry.npmjs.org/@firebase%2fdatabase-compat set size:undefined disposed:false
55 silly fetch manifest @firebase/firestore@4.15.0
56 silly packumentCache full:https://registry.npmjs.org/@firebase%2ffirestore cache-miss
57 http fetch GET 200 https://registry.npmjs.org/@firebase%2ffirestore 429ms (cache miss)
58 silly packumentCache full:https://registry.npmjs.org/@firebase%2ffirestore set size:undefined disposed:false
59 silly fetch manifest @firebase/firestore-compat@0.4.10
60 silly packumentCache full:https://registry.npmjs.org/@firebase%2ffirestore-compat cache-miss
61 http fetch GET 200 https://registry.npmjs.org/@firebase%2ffirestore-compat 175ms (cache miss)
62 silly packumentCache full:https://registry.npmjs.org/@firebase%2ffirestore-compat set size:undefined disposed:false
63 silly fetch manifest @firebase/functions@0.13.5
64 silly packumentCache full:https://registry.npmjs.org/@firebase%2ffunctions cache-miss
65 http fetch GET 200 https://registry.npmjs.org/@firebase%2ffunctions 456ms (cache miss)
66 silly packumentCache full:https://registry.npmjs.org/@firebase%2ffunctions set size:undefined disposed:false
67 silly fetch manifest @firebase/functions-compat@0.4.5
68 silly packumentCache full:https://registry.npmjs.org/@firebase%2ffunctions-compat cache-miss
69 http fetch GET 200 https://registry.npmjs.org/@firebase%2ffunctions-compat 150ms (cache miss)
70 silly packumentCache full:https://registry.npmjs.org/@firebase%2ffunctions-compat set size:undefined disposed:false
71 silly fetch manifest @firebase/installations@0.6.22
72 silly packumentCache full:https://registry.npmjs.org/@firebase%2finstallations cache-miss
73 http fetch GET 200 https://registry.npmjs.org/@firebase%2finstallations 263ms (cache miss)
74 silly packumentCache full:https://registry.npmjs.org/@firebase%2finstallations set size:undefined disposed:false
75 silly fetch manifest @firebase/installations-compat@0.2.22
76 silly packumentCache full:https://registry.npmjs.org/@firebase%2finstallations-compat cache-miss
77 http fetch GET 200 https://registry.npmjs.org/@firebase%2finstallations-compat 337ms (cache miss)
78 silly packumentCache full:https://registry.npmjs.org/@firebase%2finstallations-compat set size:undefined disposed:false
79 silly fetch manifest @firebase/messaging@0.13.0
80 silly packumentCache full:https://registry.npmjs.org/@firebase%2fmessaging cache-miss
81 http fetch GET 200 https://registry.npmjs.org/@firebase%2fmessaging 330ms (cache miss)
82 silly packumentCache full:https://registry.npmjs.org/@firebase%2fmessaging set size:undefined disposed:false
83 silly fetch manifest @firebase/messaging-compat@0.2.27
84 silly packumentCache full:https://registry.npmjs.org/@firebase%2fmessaging-compat cache-miss
85 http fetch GET 200 https://registry.npmjs.org/@firebase%2fmessaging-compat 138ms (cache miss)
86 silly packumentCache full:https://registry.npmjs.org/@firebase%2fmessaging-compat set size:undefined disposed:false
87 silly fetch manifest @firebase/storage@0.14.3
88 silly packumentCache full:https://registry.npmjs.org/@firebase%2fstorage cache-miss
89 http fetch GET 200 https://registry.npmjs.org/@firebase%2fstorage 318ms (cache miss)
90 silly packumentCache full:https://registry.npmjs.org/@firebase%2fstorage set size:undefined disposed:false
91 silly fetch manifest @firebase/storage-compat@0.4.3
92 silly packumentCache full:https://registry.npmjs.org/@firebase%2fstorage-compat cache-miss
93 http fetch GET 200 https://registry.npmjs.org/@firebase%2fstorage-compat 182ms (cache miss)
94 silly packumentCache full:https://registry.npmjs.org/@firebase%2fstorage-compat set size:undefined disposed:false
95 silly fetch manifest @firebase/performance@0.7.12
96 silly packumentCache full:https://registry.npmjs.org/@firebase%2fperformance cache-miss
97 http fetch GET 200 https://registry.npmjs.org/@firebase%2fperformance 259ms (cache miss)
98 silly packumentCache full:https://registry.npmjs.org/@firebase%2fperformance set size:undefined disposed:false
99 silly fetch manifest @firebase/performance-compat@0.2.25
100 silly packumentCache full:https://registry.npmjs.org/@firebase%2fperformance-compat cache-miss
101 http fetch GET 200 https://registry.npmjs.org/@firebase%2fperformance-compat 317ms (cache miss)
102 silly packumentCache full:https://registry.npmjs.org/@firebase%2fperformance-compat set size:undefined disposed:false
103 silly fetch manifest @firebase/remote-config@0.8.4
104 silly packumentCache full:https://registry.npmjs.org/@firebase%2fremote-config cache-miss
105 http fetch GET 200 https://registry.npmjs.org/@firebase%2fremote-config 255ms (cache miss)
106 silly packumentCache full:https://registry.npmjs.org/@firebase%2fremote-config set size:undefined disposed:false
107 silly fetch manifest @firebase/remote-config-compat@0.2.25
108 silly packumentCache full:https://registry.npmjs.org/@firebase%2fremote-config-compat cache-miss
109 http fetch GET 200 https://registry.npmjs.org/@firebase%2fremote-config-compat 140ms (cache miss)
110 silly packumentCache full:https://registry.npmjs.org/@firebase%2fremote-config-compat set size:undefined disposed:false
111 silly fetch manifest @firebase/analytics@0.10.22
112 silly packumentCache full:https://registry.npmjs.org/@firebase%2fanalytics cache-miss
113 http fetch GET 200 https://registry.npmjs.org/@firebase%2fanalytics 238ms (cache miss)
114 silly packumentCache full:https://registry.npmjs.org/@firebase%2fanalytics set size:undefined disposed:false
115 silly fetch manifest @firebase/analytics-compat@0.2.28
116 silly packumentCache full:https://registry.npmjs.org/@firebase%2fanalytics-compat cache-miss
117 http fetch GET 200 https://registry.npmjs.org/@firebase%2fanalytics-compat 157ms (cache miss)
118 silly packumentCache full:https://registry.npmjs.org/@firebase%2fanalytics-compat set size:undefined disposed:false
119 silly fetch manifest @firebase/app-check@0.11.4
120 silly packumentCache full:https://registry.npmjs.org/@firebase%2fapp-check cache-miss
121 http fetch GET 200 https://registry.npmjs.org/@firebase%2fapp-check 222ms (cache miss)
122 silly packumentCache full:https://registry.npmjs.org/@firebase%2fapp-check set size:undefined disposed:false
123 silly fetch manifest @firebase/app-check-compat@0.4.4
124 silly packumentCache full:https://registry.npmjs.org/@firebase%2fapp-check-compat cache-miss
125 http fetch GET 200 https://registry.npmjs.org/@firebase%2fapp-check-compat 153ms (cache miss)
126 silly packumentCache full:https://registry.npmjs.org/@firebase%2fapp-check-compat set size:undefined disposed:false
127 silly fetch manifest @firebase/util@1.15.1
128 silly packumentCache full:https://registry.npmjs.org/@firebase%2futil cache-miss
129 http fetch GET 200 https://registry.npmjs.org/@firebase%2futil 281ms (cache miss)
130 silly packumentCache full:https://registry.npmjs.org/@firebase%2futil set size:undefined disposed:false
131 silly fetch manifest @react-native-async-storage/async-storage@^2.2.0 || ^3.0.0
132 silly packumentCache full:https://registry.npmjs.org/@react-native-async-storage%2fasync-storage cache-miss
133 http fetch GET 200 https://registry.npmjs.org/@react-native-async-storage%2fasync-storage 54ms (cache miss)
134 silly packumentCache full:https://registry.npmjs.org/@react-native-async-storage%2fasync-storage set size:undefined disposed:false
135 silly fetch manifest react@*
136 silly packumentCache full:https://registry.npmjs.org/react cache-miss
137 http fetch GET 200 https://registry.npmjs.org/react 184ms (cache miss)
138 silly packumentCache full:https://registry.npmjs.org/react set size:undefined disposed:false
139 silly fetch manifest react-native@*
140 silly packumentCache full:https://registry.npmjs.org/react-native cache-miss
141 http fetch GET 200 https://registry.npmjs.org/react-native 302ms (cache miss)
142 silly packumentCache full:https://registry.npmjs.org/react-native set size:undefined disposed:false
143 silly fetch manifest @react-native/jest-preset@0.86.0
144 silly packumentCache full:https://registry.npmjs.org/@react-native%2fjest-preset cache-miss
145 http fetch GET 200 https://registry.npmjs.org/@react-native%2fjest-preset 46ms (cache miss)
146 silly packumentCache full:https://registry.npmjs.org/@react-native%2fjest-preset set size:undefined disposed:false
147 silly fetch manifest @types/react@^19.1.1
148 silly packumentCache full:https://registry.npmjs.org/@types%2freact cache-miss
149 http fetch GET 200 https://registry.npmjs.org/@types%2freact 90ms (cache miss)
150 silly packumentCache full:https://registry.npmjs.org/@types%2freact set size:undefined disposed:false
151 silly placeDep ROOT @firebase/ai@2.13.0 OK for: firebase@12.14.0 want: 2.13.0
152 silly placeDep ROOT @firebase/app@0.14.13 OK for: @firebase/ai@2.13.0 want: 0.x
153 silly placeDep ROOT @firebase/app-types@0.9.5 OK for: @firebase/ai@2.13.0 want: 0.x
154 silly placeDep ROOT @firebase/analytics@0.10.22 OK for: firebase@12.14.0 want: 0.10.22
155 silly placeDep ROOT @firebase/analytics-compat@0.2.28 OK for: firebase@12.14.0 want: 0.2.28
156 silly placeDep ROOT @firebase/app-compat@0.5.13 OK for: @firebase/analytics-compat@0.2.28 want: 0.x
157 silly placeDep ROOT @firebase/app-check@0.11.4 OK for: firebase@12.14.0 want: 0.11.4
158 silly placeDep ROOT @firebase/app-check-compat@0.4.4 OK for: firebase@12.14.0 want: 0.4.4
159 silly placeDep ROOT @firebase/auth@1.13.2 OK for: firebase@12.14.0 want: 1.13.2
160 silly placeDep ROOT @firebase/auth-compat@0.6.7 OK for: firebase@12.14.0 want: 0.6.7
161 silly placeDep ROOT @firebase/data-connect@0.7.1 OK for: firebase@12.14.0 want: 0.7.1
162 silly placeDep ROOT @firebase/database@1.1.3 OK for: firebase@12.14.0 want: 1.1.3
163 silly placeDep ROOT @firebase/database-compat@2.1.4 OK for: firebase@12.14.0 want: 2.1.4
164 silly placeDep ROOT @firebase/firestore@4.15.0 OK for: firebase@12.14.0 want: 4.15.0
165 silly placeDep ROOT @firebase/firestore-compat@0.4.10 OK for: firebase@12.14.0 want: 0.4.10
166 silly placeDep ROOT @firebase/functions@0.13.5 OK for: firebase@12.14.0 want: 0.13.5
167 silly placeDep ROOT @firebase/functions-compat@0.4.5 OK for: firebase@12.14.0 want: 0.4.5
168 silly placeDep ROOT @firebase/installations@0.6.22 OK for: firebase@12.14.0 want: 0.6.22
169 silly placeDep ROOT @firebase/installations-compat@0.2.22 OK for: firebase@12.14.0 want: 0.2.22
170 silly placeDep ROOT @firebase/messaging@0.13.0 OK for: firebase@12.14.0 want: 0.13.0
171 silly placeDep ROOT @firebase/messaging-compat@0.2.27 OK for: firebase@12.14.0 want: 0.2.27
172 silly placeDep ROOT @firebase/performance@0.7.12 OK for: firebase@12.14.0 want: 0.7.12
173 silly placeDep ROOT @firebase/performance-compat@0.2.25 OK for: firebase@12.14.0 want: 0.2.25
174 silly placeDep ROOT @firebase/remote-config@0.8.4 OK for: firebase@12.14.0 want: 0.8.4
175 silly placeDep ROOT @firebase/remote-config-compat@0.2.25 OK for: firebase@12.14.0 want: 0.2.25
176 silly placeDep ROOT @firebase/storage@0.14.3 OK for: firebase@12.14.0 want: 0.14.3
177 silly placeDep ROOT @firebase/storage-compat@0.4.3 OK for: firebase@12.14.0 want: 0.4.3
178 silly placeDep ROOT @firebase/util@1.15.1 OK for: firebase@12.14.0 want: 1.15.1
179 silly fetch manifest @firebase/app-check-interop-types@0.3.4
180 silly packumentCache full:https://registry.npmjs.org/@firebase%2fapp-check-interop-types cache-miss
181 http fetch GET 200 https://registry.npmjs.org/@firebase%2fapp-check-interop-types 116ms (cache miss)
182 silly packumentCache full:https://registry.npmjs.org/@firebase%2fapp-check-interop-types set size:undefined disposed:false
183 silly fetch manifest @firebase/component@0.7.3
184 silly packumentCache full:https://registry.npmjs.org/@firebase%2fcomponent cache-miss
185 http fetch GET 200 https://registry.npmjs.org/@firebase%2fcomponent 215ms (cache miss)
186 silly packumentCache full:https://registry.npmjs.org/@firebase%2fcomponent set size:undefined disposed:false
187 silly fetch manifest @firebase/logger@0.5.1
188 silly packumentCache full:https://registry.npmjs.org/@firebase%2flogger cache-miss
189 http fetch GET 200 https://registry.npmjs.org/@firebase%2flogger 243ms (cache miss)
190 silly packumentCache full:https://registry.npmjs.org/@firebase%2flogger set size:undefined disposed:false
191 silly fetch manifest tslib@^2.1.0
192 silly packumentCache full:https://registry.npmjs.org/tslib cache-miss
193 http fetch GET 200 https://registry.npmjs.org/tslib 38ms (cache miss)
194 silly packumentCache full:https://registry.npmjs.org/tslib set size:undefined disposed:false
195 silly fetch manifest idb@7.1.1
196 silly packumentCache full:https://registry.npmjs.org/idb cache-miss
197 http fetch GET 200 https://registry.npmjs.org/idb 28ms (cache miss)
198 silly packumentCache full:https://registry.npmjs.org/idb set size:undefined disposed:false
199 silly fetch manifest @firebase/analytics-types@0.8.4
200 silly packumentCache full:https://registry.npmjs.org/@firebase%2fanalytics-types cache-miss
201 http fetch GET 200 https://registry.npmjs.org/@firebase%2fanalytics-types 181ms (cache miss)
202 silly packumentCache full:https://registry.npmjs.org/@firebase%2fanalytics-types set size:undefined disposed:false
203 silly fetch manifest @firebase/app-check-types@0.5.4
204 silly packumentCache full:https://registry.npmjs.org/@firebase%2fapp-check-types cache-miss
205 http fetch GET 200 https://registry.npmjs.org/@firebase%2fapp-check-types 118ms (cache miss)
206 silly packumentCache full:https://registry.npmjs.org/@firebase%2fapp-check-types set size:undefined disposed:false
207 silly fetch manifest @firebase/auth-types@0.13.1
208 silly packumentCache full:https://registry.npmjs.org/@firebase%2fauth-types cache-miss
209 http fetch GET 200 https://registry.npmjs.org/@firebase%2fauth-types 232ms (cache miss)
210 silly packumentCache full:https://registry.npmjs.org/@firebase%2fauth-types set size:undefined disposed:false
211 silly fetch manifest @firebase/auth-interop-types@0.2.5
212 silly packumentCache full:https://registry.npmjs.org/@firebase%2fauth-interop-types cache-miss
213 http fetch GET 200 https://registry.npmjs.org/@firebase%2fauth-interop-types 210ms (cache miss)
214 silly packumentCache full:https://registry.npmjs.org/@firebase%2fauth-interop-types set size:undefined disposed:false
215 silly fetch manifest faye-websocket@0.11.4
216 silly packumentCache full:https://registry.npmjs.org/faye-websocket cache-miss
217 http fetch GET 200 https://registry.npmjs.org/faye-websocket 37ms (cache miss)
218 silly packumentCache full:https://registry.npmjs.org/faye-websocket set size:undefined disposed:false
219 silly fetch manifest @firebase/database-types@1.0.20
220 silly packumentCache full:https://registry.npmjs.org/@firebase%2fdatabase-types cache-miss
221 http fetch GET 200 https://registry.npmjs.org/@firebase%2fdatabase-types 409ms (cache miss)
222 silly packumentCache full:https://registry.npmjs.org/@firebase%2fdatabase-types set size:undefined disposed:false
223 silly fetch manifest @firebase/webchannel-wrapper@1.0.6
224 silly packumentCache full:https://registry.npmjs.org/@firebase%2fwebchannel-wrapper cache-miss
225 http fetch GET 200 https://registry.npmjs.org/@firebase%2fwebchannel-wrapper 236ms (cache miss)
226 silly packumentCache full:https://registry.npmjs.org/@firebase%2fwebchannel-wrapper set size:undefined disposed:false
227 silly fetch manifest @grpc/grpc-js@~1.9.0
228 silly packumentCache full:https://registry.npmjs.org/@grpc%2fgrpc-js cache-miss
229 http fetch GET 200 https://registry.npmjs.org/@grpc%2fgrpc-js 57ms (cache miss)
230 silly packumentCache full:https://registry.npmjs.org/@grpc%2fgrpc-js set size:undefined disposed:false
231 silly fetch manifest @grpc/proto-loader@^0.7.8
232 silly packumentCache full:https://registry.npmjs.org/@grpc%2fproto-loader cache-miss
233 http fetch GET 200 https://registry.npmjs.org/@grpc%2fproto-loader 40ms (cache miss)
234 silly packumentCache full:https://registry.npmjs.org/@grpc%2fproto-loader set size:undefined disposed:false
235 silly fetch manifest @firebase/firestore-types@3.0.4
236 silly packumentCache full:https://registry.npmjs.org/@firebase%2ffirestore-types cache-miss
237 http fetch GET 200 https://registry.npmjs.org/@firebase%2ffirestore-types 242ms (cache miss)
238 silly packumentCache full:https://registry.npmjs.org/@firebase%2ffirestore-types set size:undefined disposed:false
239 silly fetch manifest @firebase/messaging-interop-types@0.2.5
240 silly packumentCache full:https://registry.npmjs.org/@firebase%2fmessaging-interop-types cache-miss
241 http fetch GET 200 https://registry.npmjs.org/@firebase%2fmessaging-interop-types 112ms (cache miss)
242 silly packumentCache full:https://registry.npmjs.org/@firebase%2fmessaging-interop-types set size:undefined disposed:false
243 silly fetch manifest @firebase/functions-types@0.6.4
244 silly packumentCache full:https://registry.npmjs.org/@firebase%2ffunctions-types cache-miss
245 http fetch GET 200 https://registry.npmjs.org/@firebase%2ffunctions-types 221ms (cache miss)
246 silly packumentCache full:https://registry.npmjs.org/@firebase%2ffunctions-types set size:undefined disposed:false
247 silly fetch manifest @firebase/installations-types@0.5.4
248 silly packumentCache full:https://registry.npmjs.org/@firebase%2finstallations-types cache-miss
249 http fetch GET 200 https://registry.npmjs.org/@firebase%2finstallations-types 185ms (cache miss)
250 silly packumentCache full:https://registry.npmjs.org/@firebase%2finstallations-types set size:undefined disposed:false
251 silly fetch manifest web-vitals@^4.2.4
252 silly packumentCache full:https://registry.npmjs.org/web-vitals cache-miss
253 http fetch GET 200 https://registry.npmjs.org/web-vitals 42ms (cache miss)
254 silly packumentCache full:https://registry.npmjs.org/web-vitals set size:undefined disposed:false
255 silly fetch manifest @firebase/performance-types@0.2.4
256 silly packumentCache full:https://registry.npmjs.org/@firebase%2fperformance-types cache-miss
257 http fetch GET 200 https://registry.npmjs.org/@firebase%2fperformance-types 211ms (cache miss)
258 silly packumentCache full:https://registry.npmjs.org/@firebase%2fperformance-types set size:undefined disposed:false
259 silly fetch manifest @firebase/remote-config-types@0.5.1
260 silly packumentCache full:https://registry.npmjs.org/@firebase%2fremote-config-types cache-miss
261 http fetch GET 200 https://registry.npmjs.org/@firebase%2fremote-config-types 212ms (cache miss)
262 silly packumentCache full:https://registry.npmjs.org/@firebase%2fremote-config-types set size:undefined disposed:false
263 silly fetch manifest @firebase/storage-types@0.8.4
264 silly packumentCache full:https://registry.npmjs.org/@firebase%2fstorage-types cache-miss
265 http fetch GET 200 https://registry.npmjs.org/@firebase%2fstorage-types 231ms (cache miss)
266 silly packumentCache full:https://registry.npmjs.org/@firebase%2fstorage-types set size:undefined disposed:false
267 silly placeDep ROOT @firebase/app-check-interop-types@0.3.4 OK for: @firebase/ai@2.13.0 want: 0.3.4
268 silly placeDep ROOT @firebase/component@0.7.3 OK for: @firebase/ai@2.13.0 want: 0.7.3
269 silly placeDep ROOT @firebase/logger@0.5.1 OK for: @firebase/ai@2.13.0 want: 0.5.1
270 silly placeDep ROOT tslib@2.8.1 OK for: @firebase/ai@2.13.0 want: ^2.1.0
271 silly placeDep ROOT @firebase/analytics-types@0.8.4 OK for: @firebase/analytics-compat@0.2.28 want: 0.8.4
272 silly placeDep ROOT idb@7.1.1 OK for: @firebase/app@0.14.13 want: 7.1.1
273 silly placeDep ROOT @firebase/app-check-types@0.5.4 OK for: @firebase/app-check-compat@0.4.4 want: 0.5.4
274 silly fetch manifest @firebase/app-types@0.x
275 silly packumentCache full:https://registry.npmjs.org/@firebase%2fapp-types cache-miss
276 http cache https://registry.npmjs.org/@firebase%2fapp-types 83ms (cache hit)
277 silly packumentCache full:https://registry.npmjs.org/@firebase%2fapp-types set size:8587124 disposed:false
278 silly placeDep ROOT @firebase/auth-types@0.13.1 OK for: @firebase/auth-compat@0.6.7 want: 0.13.1
279 silly placeDep ROOT @firebase/auth-interop-types@0.2.5 OK for: @firebase/data-connect@0.7.1 want: 0.2.5
280 silly placeDep ROOT faye-websocket@0.11.4 OK for: @firebase/database@1.1.3 want: 0.11.4
281 silly fetch manifest websocket-driver@>=0.5.1
282 silly packumentCache full:https://registry.npmjs.org/websocket-driver cache-miss
283 http fetch GET 200 https://registry.npmjs.org/websocket-driver 28ms (cache miss)
284 silly packumentCache full:https://registry.npmjs.org/websocket-driver set size:undefined disposed:false
285 silly placeDep ROOT @firebase/database-types@1.0.20 OK for: @firebase/database-compat@2.1.4 want: 1.0.20
286 silly placeDep ROOT @firebase/webchannel-wrapper@1.0.6 OK for: @firebase/firestore@4.15.0 want: 1.0.6
287 silly placeDep ROOT @grpc/grpc-js@1.9.16 OK for: @firebase/firestore@4.15.0 want: ~1.9.0
288 silly placeDep ROOT @grpc/proto-loader@0.7.15 OK for: @firebase/firestore@4.15.0 want: ^0.7.8
289 silly fetch manifest @types/node@>=12.12.47
290 silly packumentCache full:https://registry.npmjs.org/@types%2fnode cache-miss
291 http fetch GET 200 https://registry.npmjs.org/@types%2fnode 227ms (cache miss)
292 silly packumentCache full:https://registry.npmjs.org/@types%2fnode set size:undefined disposed:false
293 silly fetch manifest long@^5.0.0
294 silly packumentCache full:https://registry.npmjs.org/long cache-miss
295 http fetch GET 200 https://registry.npmjs.org/long 31ms (cache miss)
296 silly packumentCache full:https://registry.npmjs.org/long set size:undefined disposed:false
297 silly fetch manifest yargs@^17.7.2
298 silly packumentCache full:https://registry.npmjs.org/yargs cache-miss
299 http fetch GET 200 https://registry.npmjs.org/yargs 43ms (cache miss)
300 silly packumentCache full:https://registry.npmjs.org/yargs set size:undefined disposed:false
301 silly fetch manifest protobufjs@^7.2.5
302 silly packumentCache full:https://registry.npmjs.org/protobufjs cache-miss
303 http fetch GET 200 https://registry.npmjs.org/protobufjs 39ms (cache miss)
304 silly packumentCache full:https://registry.npmjs.org/protobufjs set size:undefined disposed:false
305 silly fetch manifest lodash.camelcase@^4.3.0
306 silly packumentCache full:https://registry.npmjs.org/lodash.camelcase cache-miss
307 http fetch GET 200 https://registry.npmjs.org/lodash.camelcase 20ms (cache miss)
308 silly packumentCache full:https://registry.npmjs.org/lodash.camelcase set size:undefined disposed:false
309 silly placeDep ROOT @firebase/firestore-types@3.0.4 OK for: @firebase/firestore-compat@0.4.10 want: 3.0.4
310 silly placeDep ROOT @firebase/messaging-interop-types@0.2.5 OK for: @firebase/functions@0.13.5 want: 0.2.5
311 silly placeDep ROOT @firebase/functions-types@0.6.4 OK for: @firebase/functions-compat@0.4.5 want: 0.6.4
312 silly placeDep ROOT @firebase/installations-types@0.5.4 OK for: @firebase/installations-compat@0.2.22 want: 0.5.4
313 silly placeDep ROOT web-vitals@4.2.4 OK for: @firebase/performance@0.7.12 want: ^4.2.4
314 silly placeDep ROOT @firebase/performance-types@0.2.4 OK for: @firebase/performance-compat@0.2.25 want: 0.2.4
315 silly placeDep ROOT @firebase/remote-config-types@0.5.1 OK for: @firebase/remote-config-compat@0.2.25 want: 0.5.1
316 silly placeDep ROOT @firebase/storage-types@0.8.4 OK for: @firebase/storage-compat@0.4.3 want: 0.8.4
317 silly placeDep ROOT @types/node@25.9.3 OK for: @grpc/grpc-js@1.9.16 want: >=12.12.47
318 silly fetch manifest undici-types@>=7.24.0 <7.24.7
319 silly packumentCache full:https://registry.npmjs.org/undici-types cache-miss
320 http fetch GET 200 https://registry.npmjs.org/undici-types 30ms (cache miss)
321 silly packumentCache full:https://registry.npmjs.org/undici-types set size:undefined disposed:false
322 silly placeDep ROOT lodash.camelcase@4.3.0 OK for: @grpc/proto-loader@0.7.15 want: ^4.3.0
323 silly placeDep ROOT long@5.3.2 OK for: @grpc/proto-loader@0.7.15 want: ^5.0.0
324 silly placeDep ROOT protobufjs@7.6.3 OK for: @grpc/proto-loader@0.7.15 want: ^7.2.5
325 silly placeDep ROOT yargs@17.7.2 OK for: @grpc/proto-loader@0.7.15 want: ^17.7.2
326 silly fetch manifest @protobufjs/path@^1.1.2
327 silly packumentCache full:https://registry.npmjs.org/@protobufjs%2fpath cache-miss
328 http fetch GET 200 https://registry.npmjs.org/@protobufjs%2fpath 36ms (cache miss)
329 silly packumentCache full:https://registry.npmjs.org/@protobufjs%2fpath set size:undefined disposed:false
330 silly fetch manifest @protobufjs/pool@^1.1.0
331 silly packumentCache full:https://registry.npmjs.org/@protobufjs%2fpool cache-miss
332 http fetch GET 200 https://registry.npmjs.org/@protobufjs%2fpool 35ms (cache miss)
333 silly packumentCache full:https://registry.npmjs.org/@protobufjs%2fpool set size:undefined disposed:false
334 silly fetch manifest @protobufjs/utf8@^1.1.1
335 silly packumentCache full:https://registry.npmjs.org/@protobufjs%2futf8 cache-miss
336 http fetch GET 200 https://registry.npmjs.org/@protobufjs%2futf8 34ms (cache miss)
337 silly packumentCache full:https://registry.npmjs.org/@protobufjs%2futf8 set size:undefined disposed:false
338 silly fetch manifest @protobufjs/fetch@^1.1.1
339 silly packumentCache full:https://registry.npmjs.org/@protobufjs%2ffetch cache-miss
340 http fetch GET 200 https://registry.npmjs.org/@protobufjs%2ffetch 36ms (cache miss)
341 silly packumentCache full:https://registry.npmjs.org/@protobufjs%2ffetch set size:undefined disposed:false
342 silly fetch manifest @protobufjs/float@^1.0.2
343 silly packumentCache full:https://registry.npmjs.org/@protobufjs%2ffloat cache-miss
344 http fetch GET 200 https://registry.npmjs.org/@protobufjs%2ffloat 35ms (cache miss)
345 silly packumentCache full:https://registry.npmjs.org/@protobufjs%2ffloat set size:undefined disposed:false
346 silly fetch manifest @protobufjs/base64@^1.1.2
347 silly packumentCache full:https://registry.npmjs.org/@protobufjs%2fbase64 cache-miss
348 http fetch GET 200 https://registry.npmjs.org/@protobufjs%2fbase64 34ms (cache miss)
349 silly packumentCache full:https://registry.npmjs.org/@protobufjs%2fbase64 set size:undefined disposed:false
350 silly fetch manifest @protobufjs/codegen@^2.0.5
351 silly packumentCache full:https://registry.npmjs.org/@protobufjs%2fcodegen cache-miss
352 http fetch GET 200 https://registry.npmjs.org/@protobufjs%2fcodegen 34ms (cache miss)
353 silly packumentCache full:https://registry.npmjs.org/@protobufjs%2fcodegen set size:undefined disposed:false
354 silly fetch manifest @protobufjs/inquire@^1.1.2
355 silly packumentCache full:https://registry.npmjs.org/@protobufjs%2finquire cache-miss
356 http fetch GET 200 https://registry.npmjs.org/@protobufjs%2finquire 34ms (cache miss)
357 silly packumentCache full:https://registry.npmjs.org/@protobufjs%2finquire set size:undefined disposed:false
358 silly fetch manifest @protobufjs/aspromise@^1.1.2
359 silly packumentCache full:https://registry.npmjs.org/@protobufjs%2faspromise cache-miss
360 http fetch GET 200 https://registry.npmjs.org/@protobufjs%2faspromise 38ms (cache miss)
361 silly packumentCache full:https://registry.npmjs.org/@protobufjs%2faspromise set size:undefined disposed:false
362 silly fetch manifest @protobufjs/eventemitter@^1.1.1
363 silly packumentCache full:https://registry.npmjs.org/@protobufjs%2feventemitter cache-miss
364 http fetch GET 200 https://registry.npmjs.org/@protobufjs%2feventemitter 35ms (cache miss)
365 silly packumentCache full:https://registry.npmjs.org/@protobufjs%2feventemitter set size:undefined disposed:false
366 silly fetch manifest y18n@^5.0.5
367 silly packumentCache full:https://registry.npmjs.org/y18n cache-miss
368 http fetch GET 200 https://registry.npmjs.org/y18n 24ms (cache miss)
369 silly packumentCache full:https://registry.npmjs.org/y18n set size:undefined disposed:false
370 silly fetch manifest cliui@^8.0.1
371 silly packumentCache full:https://registry.npmjs.org/cliui cache-miss
372 http fetch GET 200 https://registry.npmjs.org/cliui 27ms (cache miss)
373 silly packumentCache full:https://registry.npmjs.org/cliui set size:undefined disposed:false
374 silly fetch manifest escalade@^3.1.1
375 silly packumentCache full:https://registry.npmjs.org/escalade cache-miss
376 http fetch GET 200 https://registry.npmjs.org/escalade 27ms (cache miss)
377 silly packumentCache full:https://registry.npmjs.org/escalade set size:undefined disposed:false
378 silly fetch manifest string-width@^4.2.3
379 silly packumentCache full:https://registry.npmjs.org/string-width cache-miss
380 http fetch GET 200 https://registry.npmjs.org/string-width 25ms (cache miss)
381 silly packumentCache full:https://registry.npmjs.org/string-width set size:undefined disposed:false
382 silly fetch manifest yargs-parser@^21.1.1
383 silly packumentCache full:https://registry.npmjs.org/yargs-parser cache-miss
384 http fetch GET 200 https://registry.npmjs.org/yargs-parser 31ms (cache miss)
385 silly packumentCache full:https://registry.npmjs.org/yargs-parser set size:undefined disposed:false
386 silly fetch manifest get-caller-file@^2.0.5
387 silly packumentCache full:https://registry.npmjs.org/get-caller-file cache-miss
388 http fetch GET 200 https://registry.npmjs.org/get-caller-file 25ms (cache miss)
389 silly packumentCache full:https://registry.npmjs.org/get-caller-file set size:undefined disposed:false
390 silly fetch manifest require-directory@^2.1.1
391 silly packumentCache full:https://registry.npmjs.org/require-directory cache-miss
392 http fetch GET 200 https://registry.npmjs.org/require-directory 24ms (cache miss)
393 silly packumentCache full:https://registry.npmjs.org/require-directory set size:undefined disposed:false
394 silly placeDep ROOT undici-types@7.24.6 OK for: @types/node@25.9.3 want: >=7.24.0 <7.24.7
395 silly placeDep ROOT websocket-driver@0.7.5 OK for: faye-websocket@0.11.4 want: >=0.5.1
396 silly fetch manifest http-parser-js@>=0.5.1
397 silly packumentCache full:https://registry.npmjs.org/http-parser-js cache-miss
398 http fetch GET 200 https://registry.npmjs.org/http-parser-js 27ms (cache miss)
399 silly packumentCache full:https://registry.npmjs.org/http-parser-js set size:undefined disposed:false
400 silly fetch manifest safe-buffer@>=5.1.0
401 silly packumentCache full:https://registry.npmjs.org/safe-buffer cache-miss
402 http fetch GET 200 https://registry.npmjs.org/safe-buffer 23ms (cache miss)
403 silly packumentCache full:https://registry.npmjs.org/safe-buffer set size:undefined disposed:false
404 silly fetch manifest websocket-extensions@>=0.1.1
405 silly packumentCache full:https://registry.npmjs.org/websocket-extensions cache-miss
406 http fetch GET 200 https://registry.npmjs.org/websocket-extensions 25ms (cache miss)
407 silly packumentCache full:https://registry.npmjs.org/websocket-extensions set size:undefined disposed:false
408 silly placeDep ROOT @protobufjs/aspromise@1.1.2 OK for: protobufjs@7.6.3 want: ^1.1.2
409 silly placeDep ROOT @protobufjs/base64@1.1.2 OK for: protobufjs@7.6.3 want: ^1.1.2
410 silly placeDep ROOT @protobufjs/codegen@2.0.5 OK for: protobufjs@7.6.3 want: ^2.0.5
411 silly placeDep ROOT @protobufjs/eventemitter@1.1.1 OK for: protobufjs@7.6.3 want: ^1.1.1
412 silly placeDep ROOT @protobufjs/fetch@1.1.1 OK for: protobufjs@7.6.3 want: ^1.1.1
413 silly placeDep ROOT @protobufjs/float@1.0.2 OK for: protobufjs@7.6.3 want: ^1.0.2
414 silly placeDep ROOT @protobufjs/inquire@1.1.2 OK for: protobufjs@7.6.3 want: ^1.1.2
415 silly placeDep ROOT @protobufjs/path@1.1.2 OK for: protobufjs@7.6.3 want: ^1.1.2
416 silly placeDep ROOT @protobufjs/pool@1.1.0 OK for: protobufjs@7.6.3 want: ^1.1.0
417 silly placeDep ROOT @protobufjs/utf8@1.1.1 OK for: protobufjs@7.6.3 want: ^1.1.1
418 silly placeDep ROOT http-parser-js@0.5.10 OK for: websocket-driver@0.7.5 want: >=0.5.1
419 silly placeDep ROOT safe-buffer@5.2.1 OK for: websocket-driver@0.7.5 want: >=5.1.0
420 silly placeDep ROOT websocket-extensions@0.1.4 OK for: websocket-driver@0.7.5 want: >=0.1.1
421 silly placeDep ROOT cliui@8.0.1 OK for: yargs@17.7.2 want: ^8.0.1
422 silly placeDep ROOT escalade@3.2.0 OK for: yargs@17.7.2 want: ^3.1.1
423 silly placeDep ROOT get-caller-file@2.0.5 OK for: yargs@17.7.2 want: ^2.0.5
424 silly placeDep ROOT require-directory@2.1.1 OK for: yargs@17.7.2 want: ^2.1.1
425 silly placeDep ROOT string-width@4.2.3 OK for: yargs@17.7.2 want: ^4.2.3
426 silly placeDep ROOT y18n@5.0.8 OK for: yargs@17.7.2 want: ^5.0.5
427 silly placeDep ROOT yargs-parser@21.1.1 OK for: yargs@17.7.2 want: ^21.1.1
428 silly fetch manifest wrap-ansi@^7.0.0
429 silly packumentCache full:https://registry.npmjs.org/wrap-ansi cache-miss
430 http fetch GET 200 https://registry.npmjs.org/wrap-ansi 23ms (cache miss)
431 silly packumentCache full:https://registry.npmjs.org/wrap-ansi set size:undefined disposed:false
432 silly fetch manifest strip-ansi@^6.0.1
433 silly packumentCache full:https://registry.npmjs.org/strip-ansi cache-miss
434 http fetch GET 200 https://registry.npmjs.org/strip-ansi 23ms (cache miss)
435 silly packumentCache full:https://registry.npmjs.org/strip-ansi set size:undefined disposed:false
436 silly fetch manifest string-width@^4.2.0
437 silly packumentCache full:https://registry.npmjs.org/string-width cache-miss
438 http cache https://registry.npmjs.org/string-width 4ms (cache hit)
439 silly packumentCache full:https://registry.npmjs.org/string-width set size:70381 disposed:false
440 silly fetch manifest emoji-regex@^8.0.0
441 silly packumentCache full:https://registry.npmjs.org/emoji-regex cache-miss
442 http fetch GET 200 https://registry.npmjs.org/emoji-regex 25ms (cache miss)
443 silly packumentCache full:https://registry.npmjs.org/emoji-regex set size:undefined disposed:false
444 silly fetch manifest is-fullwidth-code-point@^3.0.0
445 silly packumentCache full:https://registry.npmjs.org/is-fullwidth-code-point cache-miss
446 http fetch GET 200 https://registry.npmjs.org/is-fullwidth-code-point 21ms (cache miss)
447 silly packumentCache full:https://registry.npmjs.org/is-fullwidth-code-point set size:undefined disposed:false
448 silly placeDep ROOT strip-ansi@6.0.1 OK for: cliui@8.0.1 want: ^6.0.1
449 silly placeDep ROOT wrap-ansi@7.0.0 OK for: cliui@8.0.1 want: ^7.0.0
450 silly fetch manifest ansi-regex@^5.0.1
451 silly packumentCache full:https://registry.npmjs.org/ansi-regex cache-miss
452 http fetch GET 200 https://registry.npmjs.org/ansi-regex 22ms (cache miss)
453 silly packumentCache full:https://registry.npmjs.org/ansi-regex set size:undefined disposed:false
454 silly fetch manifest ansi-styles@^4.0.0
455 silly packumentCache full:https://registry.npmjs.org/ansi-styles cache-miss
456 http fetch GET 200 https://registry.npmjs.org/ansi-styles 27ms (cache miss)
457 silly packumentCache full:https://registry.npmjs.org/ansi-styles set size:undefined disposed:false
458 silly placeDep ROOT emoji-regex@8.0.0 OK for: string-width@4.2.3 want: ^8.0.0
459 silly placeDep ROOT is-fullwidth-code-point@3.0.0 OK for: string-width@4.2.3 want: ^3.0.0
460 silly placeDep ROOT ansi-regex@5.0.1 OK for: strip-ansi@6.0.1 want: ^5.0.1
461 silly placeDep ROOT ansi-styles@4.3.0 OK for: wrap-ansi@7.0.0 want: ^4.0.0
462 silly fetch manifest color-convert@^2.0.1
463 silly packumentCache full:https://registry.npmjs.org/color-convert cache-miss
464 http fetch GET 200 https://registry.npmjs.org/color-convert 45ms (cache miss)
465 silly packumentCache full:https://registry.npmjs.org/color-convert set size:undefined disposed:false
466 silly placeDep ROOT color-convert@2.0.1 OK for: ansi-styles@4.3.0 want: ^2.0.1
467 silly fetch manifest color-name@~1.1.4
468 silly packumentCache full:https://registry.npmjs.org/color-name cache-miss
469 http fetch GET 200 https://registry.npmjs.org/color-name 23ms (cache miss)
470 silly packumentCache full:https://registry.npmjs.org/color-name set size:undefined disposed:false
471 silly placeDep ROOT color-name@1.1.4 OK for: color-convert@2.0.1 want: ~1.1.4
472 silly reify moves {}
473 http cache color-name@https://registry.npmjs.org/color-name/-/color-name-1.1.4.tgz 1ms (cache hit)
474 http cache color-convert@https://registry.npmjs.org/color-convert/-/color-convert-2.0.1.tgz 0ms (cache hit)
475 http cache ansi-styles@https://registry.npmjs.org/ansi-styles/-/ansi-styles-4.3.0.tgz 0ms (cache hit)
476 http cache ansi-regex@https://registry.npmjs.org/ansi-regex/-/ansi-regex-5.0.1.tgz 0ms (cache hit)
477 http cache is-fullwidth-code-point@https://registry.npmjs.org/is-fullwidth-code-point/-/is-fullwidth-code-point-3.0.0.tgz 0ms (cache hit)
478 http cache emoji-regex@https://registry.npmjs.org/emoji-regex/-/emoji-regex-8.0.0.tgz 0ms (cache hit)
479 http cache wrap-ansi@https://registry.npmjs.org/wrap-ansi/-/wrap-ansi-7.0.0.tgz 0ms (cache hit)
480 http cache strip-ansi@https://registry.npmjs.org/strip-ansi/-/strip-ansi-6.0.1.tgz 0ms (cache hit)
481 http cache yargs-parser@https://registry.npmjs.org/yargs-parser/-/yargs-parser-21.1.1.tgz 0ms (cache hit)
482 http cache y18n@https://registry.npmjs.org/y18n/-/y18n-5.0.8.tgz 0ms (cache hit)
483 http cache string-width@https://registry.npmjs.org/string-width/-/string-width-4.2.3.tgz 0ms (cache hit)
484 http cache require-directory@https://registry.npmjs.org/require-directory/-/require-directory-2.1.1.tgz 0ms (cache hit)
485 http cache get-caller-file@https://registry.npmjs.org/get-caller-file/-/get-caller-file-2.0.5.tgz 0ms (cache hit)
486 http cache escalade@https://registry.npmjs.org/escalade/-/escalade-3.2.0.tgz 0ms (cache hit)
487 http cache cliui@https://registry.npmjs.org/cliui/-/cliui-8.0.1.tgz 0ms (cache hit)
488 http cache websocket-extensions@https://registry.npmjs.org/websocket-extensions/-/websocket-extensions-0.1.4.tgz 0ms (cache hit)
489 http cache safe-buffer@https://registry.npmjs.org/safe-buffer/-/safe-buffer-5.2.1.tgz 0ms (cache hit)
490 http cache http-parser-js@https://registry.npmjs.org/http-parser-js/-/http-parser-js-0.5.10.tgz 0ms (cache hit)
491 http cache @protobufjs/utf8@https://registry.npmjs.org/@protobufjs/utf8/-/utf8-1.1.1.tgz 0ms (cache hit)
492 http cache @protobufjs/pool@https://registry.npmjs.org/@protobufjs/pool/-/pool-1.1.0.tgz 0ms (cache hit)
493 http cache @protobufjs/path@https://registry.npmjs.org/@protobufjs/path/-/path-1.1.2.tgz 0ms (cache hit)
494 http cache @protobufjs/inquire@https://registry.npmjs.org/@protobufjs/inquire/-/inquire-1.1.2.tgz 0ms (cache hit)
495 http cache @protobufjs/float@https://registry.npmjs.org/@protobufjs/float/-/float-1.0.2.tgz 0ms (cache hit)
496 http cache @protobufjs/fetch@https://registry.npmjs.org/@protobufjs/fetch/-/fetch-1.1.1.tgz 1ms (cache hit)
497 http cache @protobufjs/eventemitter@https://registry.npmjs.org/@protobufjs/eventemitter/-/eventemitter-1.1.1.tgz 0ms (cache hit)
498 http cache @protobufjs/codegen@https://registry.npmjs.org/@protobufjs/codegen/-/codegen-2.0.5.tgz 0ms (cache hit)
499 http cache @protobufjs/base64@https://registry.npmjs.org/@protobufjs/base64/-/base64-1.1.2.tgz 0ms (cache hit)
500 http cache @protobufjs/aspromise@https://registry.npmjs.org/@protobufjs/aspromise/-/aspromise-1.1.2.tgz 0ms (cache hit)
501 http cache websocket-driver@https://registry.npmjs.org/websocket-driver/-/websocket-driver-0.7.5.tgz 0ms (cache hit)
502 http cache undici-types@https://registry.npmjs.org/undici-types/-/undici-types-7.24.6.tgz 0ms (cache hit)
503 http cache yargs@https://registry.npmjs.org/yargs/-/yargs-17.7.2.tgz 0ms (cache hit)
504 http cache protobufjs@https://registry.npmjs.org/protobufjs/-/protobufjs-7.6.3.tgz 0ms (cache hit)
505 http cache long@https://registry.npmjs.org/long/-/long-5.3.2.tgz 0ms (cache hit)
506 http cache lodash.camelcase@https://registry.npmjs.org/lodash.camelcase/-/lodash.camelcase-4.3.0.tgz 0ms (cache hit)
507 http cache @types/node@https://registry.npmjs.org/@types/node/-/node-25.9.3.tgz 0ms (cache hit)
508 http cache @firebase/storage-types@https://registry.npmjs.org/@firebase/storage-types/-/storage-types-0.8.4.tgz 0ms (cache hit)
509 http cache @firebase/remote-config-types@https://registry.npmjs.org/@firebase/remote-config-types/-/remote-config-types-0.5.1.tgz 0ms (cache hit)
510 http cache @firebase/performance-types@https://registry.npmjs.org/@firebase/performance-types/-/performance-types-0.2.4.tgz 0ms (cache hit)
511 http cache web-vitals@https://registry.npmjs.org/web-vitals/-/web-vitals-4.2.4.tgz 0ms (cache hit)
512 http cache @firebase/installations-types@https://registry.npmjs.org/@firebase/installations-types/-/installations-types-0.5.4.tgz 0ms (cache hit)
513 http cache @firebase/functions-types@https://registry.npmjs.org/@firebase/functions-types/-/functions-types-0.6.4.tgz 0ms (cache hit)
514 http cache @firebase/messaging-interop-types@https://registry.npmjs.org/@firebase/messaging-interop-types/-/messaging-interop-types-0.2.5.tgz 0ms (cache hit)
515 http cache @firebase/firestore-types@https://registry.npmjs.org/@firebase/firestore-types/-/firestore-types-3.0.4.tgz 0ms (cache hit)
516 http cache @grpc/proto-loader@https://registry.npmjs.org/@grpc/proto-loader/-/proto-loader-0.7.15.tgz 0ms (cache hit)
517 http cache @grpc/grpc-js@https://registry.npmjs.org/@grpc/grpc-js/-/grpc-js-1.9.16.tgz 0ms (cache hit)
518 http cache @firebase/webchannel-wrapper@https://registry.npmjs.org/@firebase/webchannel-wrapper/-/webchannel-wrapper-1.0.6.tgz 0ms (cache hit)
519 http cache @firebase/database-types@https://registry.npmjs.org/@firebase/database-types/-/database-types-1.0.20.tgz 0ms (cache hit)
520 http cache faye-websocket@https://registry.npmjs.org/faye-websocket/-/faye-websocket-0.11.4.tgz 0ms (cache hit)
521 http cache @firebase/auth-interop-types@https://registry.npmjs.org/@firebase/auth-interop-types/-/auth-interop-types-0.2.5.tgz 0ms (cache hit)
522 http cache @firebase/auth-types@https://registry.npmjs.org/@firebase/auth-types/-/auth-types-0.13.1.tgz 0ms (cache hit)
523 http cache @firebase/app-check-types@https://registry.npmjs.org/@firebase/app-check-types/-/app-check-types-0.5.4.tgz 0ms (cache hit)
524 http cache idb@https://registry.npmjs.org/idb/-/idb-7.1.1.tgz 0ms (cache hit)
525 http cache @firebase/analytics-types@https://registry.npmjs.org/@firebase/analytics-types/-/analytics-types-0.8.4.tgz 0ms (cache hit)
526 http cache tslib@https://registry.npmjs.org/tslib/-/tslib-2.8.1.tgz 0ms (cache hit)
527 http cache @firebase/logger@https://registry.npmjs.org/@firebase/logger/-/logger-0.5.1.tgz 0ms (cache hit)
528 http cache @firebase/component@https://registry.npmjs.org/@firebase/component/-/component-0.7.3.tgz 0ms (cache hit)
529 http cache @firebase/app-check-interop-types@https://registry.npmjs.org/@firebase/app-check-interop-types/-/app-check-interop-types-0.3.4.tgz 0ms (cache hit)
530 http cache @firebase/util@https://registry.npmjs.org/@firebase/util/-/util-1.15.1.tgz 0ms (cache hit)
531 http cache @firebase/storage-compat@https://registry.npmjs.org/@firebase/storage-compat/-/storage-compat-0.4.3.tgz 0ms (cache hit)
532 http cache @firebase/storage@https://registry.npmjs.org/@firebase/storage/-/storage-0.14.3.tgz 0ms (cache hit)
533 http cache @firebase/remote-config-compat@https://registry.npmjs.org/@firebase/remote-config-compat/-/remote-config-compat-0.2.25.tgz 0ms (cache hit)
534 http cache @firebase/remote-config@https://registry.npmjs.org/@firebase/remote-config/-/remote-config-0.8.4.tgz 0ms (cache hit)
535 http cache @firebase/performance-compat@https://registry.npmjs.org/@firebase/performance-compat/-/performance-compat-0.2.25.tgz 0ms (cache hit)
536 http cache @firebase/performance@https://registry.npmjs.org/@firebase/performance/-/performance-0.7.12.tgz 0ms (cache hit)
537 http cache @firebase/messaging-compat@https://registry.npmjs.org/@firebase/messaging-compat/-/messaging-compat-0.2.27.tgz 0ms (cache hit)
538 http cache @firebase/messaging@https://registry.npmjs.org/@firebase/messaging/-/messaging-0.13.0.tgz 0ms (cache hit)
539 http cache @firebase/installations-compat@https://registry.npmjs.org/@firebase/installations-compat/-/installations-compat-0.2.22.tgz 0ms (cache hit)
540 http cache @firebase/installations@https://registry.npmjs.org/@firebase/installations/-/installations-0.6.22.tgz 0ms (cache hit)
541 http cache @firebase/functions-compat@https://registry.npmjs.org/@firebase/functions-compat/-/functions-compat-0.4.5.tgz 0ms (cache hit)
542 http cache @firebase/functions@https://registry.npmjs.org/@firebase/functions/-/functions-0.13.5.tgz 0ms (cache hit)
543 http cache @firebase/firestore-compat@https://registry.npmjs.org/@firebase/firestore-compat/-/firestore-compat-0.4.10.tgz 0ms (cache hit)
544 http cache @firebase/firestore@https://registry.npmjs.org/@firebase/firestore/-/firestore-4.15.0.tgz 0ms (cache hit)
545 http cache @firebase/database-compat@https://registry.npmjs.org/@firebase/database-compat/-/database-compat-2.1.4.tgz 0ms (cache hit)
546 http cache @firebase/database@https://registry.npmjs.org/@firebase/database/-/database-1.1.3.tgz 0ms (cache hit)
547 http cache @firebase/data-connect@https://registry.npmjs.org/@firebase/data-connect/-/data-connect-0.7.1.tgz 0ms (cache hit)
548 http cache @firebase/auth-compat@https://registry.npmjs.org/@firebase/auth-compat/-/auth-compat-0.6.7.tgz 0ms (cache hit)
549 http cache @firebase/auth@https://registry.npmjs.org/@firebase/auth/-/auth-1.13.2.tgz 0ms (cache hit)
550 http cache @firebase/app-check-compat@https://registry.npmjs.org/@firebase/app-check-compat/-/app-check-compat-0.4.4.tgz 0ms (cache hit)
551 http cache @firebase/app-check@https://registry.npmjs.org/@firebase/app-check/-/app-check-0.11.4.tgz 0ms (cache hit)
552 http cache @firebase/app-compat@https://registry.npmjs.org/@firebase/app-compat/-/app-compat-0.5.13.tgz 0ms (cache hit)
553 http cache @firebase/analytics-compat@https://registry.npmjs.org/@firebase/analytics-compat/-/analytics-compat-0.2.28.tgz 0ms (cache hit)
554 http cache @firebase/analytics@https://registry.npmjs.org/@firebase/analytics/-/analytics-0.10.22.tgz 0ms (cache hit)
555 http cache @firebase/app-types@https://registry.npmjs.org/@firebase/app-types/-/app-types-0.9.5.tgz 0ms (cache hit)
556 http cache @firebase/app@https://registry.npmjs.org/@firebase/app/-/app-0.14.13.tgz 0ms (cache hit)
557 http cache @firebase/ai@https://registry.npmjs.org/@firebase/ai/-/ai-2.13.0.tgz 0ms (cache hit)
558 http cache firebase@https://registry.npmjs.org/firebase/-/firebase-12.14.0.tgz 0ms (cache hit)
559 silly tarball no local data for color-name@https://registry.npmjs.org/color-name/-/color-name-1.1.4.tgz. Extracting by manifest.
560 silly tarball no local data for color-convert@https://registry.npmjs.org/color-convert/-/color-convert-2.0.1.tgz. Extracting by manifest.
561 silly tarball no local data for ansi-styles@https://registry.npmjs.org/ansi-styles/-/ansi-styles-4.3.0.tgz. Extracting by manifest.
562 silly tarball no local data for ansi-regex@https://registry.npmjs.org/ansi-regex/-/ansi-regex-5.0.1.tgz. Extracting by manifest.
563 silly tarball no local data for is-fullwidth-code-point@https://registry.npmjs.org/is-fullwidth-code-point/-/is-fullwidth-code-point-3.0.0.tgz. Extracting by manifest.
564 silly tarball no local data for emoji-regex@https://registry.npmjs.org/emoji-regex/-/emoji-regex-8.0.0.tgz. Extracting by manifest.
565 silly tarball no local data for wrap-ansi@https://registry.npmjs.org/wrap-ansi/-/wrap-ansi-7.0.0.tgz. Extracting by manifest.
566 silly tarball no local data for strip-ansi@https://registry.npmjs.org/strip-ansi/-/strip-ansi-6.0.1.tgz. Extracting by manifest.
567 silly tarball no local data for yargs-parser@https://registry.npmjs.org/yargs-parser/-/yargs-parser-21.1.1.tgz. Extracting by manifest.
568 silly tarball no local data for y18n@https://registry.npmjs.org/y18n/-/y18n-5.0.8.tgz. Extracting by manifest.
569 silly tarball no local data for string-width@https://registry.npmjs.org/string-width/-/string-width-4.2.3.tgz. Extracting by manifest.
570 silly tarball no local data for require-directory@https://registry.npmjs.org/require-directory/-/require-directory-2.1.1.tgz. Extracting by manifest.
571 silly tarball no local data for get-caller-file@https://registry.npmjs.org/get-caller-file/-/get-caller-file-2.0.5.tgz. Extracting by manifest.
572 silly tarball no local data for escalade@https://registry.npmjs.org/escalade/-/escalade-3.2.0.tgz. Extracting by manifest.
573 silly tarball no local data for cliui@https://registry.npmjs.org/cliui/-/cliui-8.0.1.tgz. Extracting by manifest.
574 silly tarball no local data for websocket-extensions@https://registry.npmjs.org/websocket-extensions/-/websocket-extensions-0.1.4.tgz. Extracting by manifest.
575 silly tarball no local data for safe-buffer@https://registry.npmjs.org/safe-buffer/-/safe-buffer-5.2.1.tgz. Extracting by manifest.
576 silly tarball no local data for http-parser-js@https://registry.npmjs.org/http-parser-js/-/http-parser-js-0.5.10.tgz. Extracting by manifest.
577 silly tarball no local data for @protobufjs/utf8@https://registry.npmjs.org/@protobufjs/utf8/-/utf8-1.1.1.tgz. Extracting by manifest.
578 silly tarball no local data for @protobufjs/pool@https://registry.npmjs.org/@protobufjs/pool/-/pool-1.1.0.tgz. Extracting by manifest.
579 silly tarball no local data for @protobufjs/path@https://registry.npmjs.org/@protobufjs/path/-/path-1.1.2.tgz. Extracting by manifest.
580 silly tarball no local data for @protobufjs/inquire@https://registry.npmjs.org/@protobufjs/inquire/-/inquire-1.1.2.tgz. Extracting by manifest.
581 silly tarball no local data for @protobufjs/float@https://registry.npmjs.org/@protobufjs/float/-/float-1.0.2.tgz. Extracting by manifest.
582 silly tarball no local data for @protobufjs/fetch@https://registry.npmjs.org/@protobufjs/fetch/-/fetch-1.1.1.tgz. Extracting by manifest.
583 silly tarball no local data for @protobufjs/eventemitter@https://registry.npmjs.org/@protobufjs/eventemitter/-/eventemitter-1.1.1.tgz. Extracting by manifest.
584 silly tarball no local data for @protobufjs/codegen@https://registry.npmjs.org/@protobufjs/codegen/-/codegen-2.0.5.tgz. Extracting by manifest.
585 silly tarball no local data for @protobufjs/base64@https://registry.npmjs.org/@protobufjs/base64/-/base64-1.1.2.tgz. Extracting by manifest.
586 silly tarball no local data for @protobufjs/aspromise@https://registry.npmjs.org/@protobufjs/aspromise/-/aspromise-1.1.2.tgz. Extracting by manifest.
587 silly tarball no local data for websocket-driver@https://registry.npmjs.org/websocket-driver/-/websocket-driver-0.7.5.tgz. Extracting by manifest.
588 silly tarball no local data for undici-types@https://registry.npmjs.org/undici-types/-/undici-types-7.24.6.tgz. Extracting by manifest.
589 silly tarball no local data for yargs@https://registry.npmjs.org/yargs/-/yargs-17.7.2.tgz. Extracting by manifest.
590 silly tarball no local data for protobufjs@https://registry.npmjs.org/protobufjs/-/protobufjs-7.6.3.tgz. Extracting by manifest.
591 silly tarball no local data for long@https://registry.npmjs.org/long/-/long-5.3.2.tgz. Extracting by manifest.
592 silly tarball no local data for lodash.camelcase@https://registry.npmjs.org/lodash.camelcase/-/lodash.camelcase-4.3.0.tgz. Extracting by manifest.
593 silly tarball no local data for @types/node@https://registry.npmjs.org/@types/node/-/node-25.9.3.tgz. Extracting by manifest.
594 silly tarball no local data for @firebase/storage-types@https://registry.npmjs.org/@firebase/storage-types/-/storage-types-0.8.4.tgz. Extracting by manifest.
595 silly tarball no local data for @firebase/remote-config-types@https://registry.npmjs.org/@firebase/remote-config-types/-/remote-config-types-0.5.1.tgz. Extracting by manifest.
596 silly tarball no local data for @firebase/performance-types@https://registry.npmjs.org/@firebase/performance-types/-/performance-types-0.2.4.tgz. Extracting by manifest.
597 silly tarball no local data for web-vitals@https://registry.npmjs.org/web-vitals/-/web-vitals-4.2.4.tgz. Extracting by manifest.
598 silly tarball no local data for @firebase/installations-types@https://registry.npmjs.org/@firebase/installations-types/-/installations-types-0.5.4.tgz. Extracting by manifest.
599 silly tarball no local data for @firebase/functions-types@https://registry.npmjs.org/@firebase/functions-types/-/functions-types-0.6.4.tgz. Extracting by manifest.
600 silly tarball no local data for @firebase/messaging-interop-types@https://registry.npmjs.org/@firebase/messaging-interop-types/-/messaging-interop-types-0.2.5.tgz. Extracting by manifest.
601 silly tarball no local data for @firebase/firestore-types@https://registry.npmjs.org/@firebase/firestore-types/-/firestore-types-3.0.4.tgz. Extracting by manifest.
602 silly tarball no local data for @grpc/proto-loader@https://registry.npmjs.org/@grpc/proto-loader/-/proto-loader-0.7.15.tgz. Extracting by manifest.
603 silly tarball no local data for @grpc/grpc-js@https://registry.npmjs.org/@grpc/grpc-js/-/grpc-js-1.9.16.tgz. Extracting by manifest.
604 silly tarball no local data for @firebase/webchannel-wrapper@https://registry.npmjs.org/@firebase/webchannel-wrapper/-/webchannel-wrapper-1.0.6.tgz. Extracting by manifest.
605 silly tarball no local data for @firebase/database-types@https://registry.npmjs.org/@firebase/database-types/-/database-types-1.0.20.tgz. Extracting by manifest.
606 silly tarball no local data for faye-websocket@https://registry.npmjs.org/faye-websocket/-/faye-websocket-0.11.4.tgz. Extracting by manifest.
607 silly tarball no local data for @firebase/auth-interop-types@https://registry.npmjs.org/@firebase/auth-interop-types/-/auth-interop-types-0.2.5.tgz. Extracting by manifest.
608 silly tarball no local data for @firebase/auth-types@https://registry.npmjs.org/@firebase/auth-types/-/auth-types-0.13.1.tgz. Extracting by manifest.
609 silly tarball no local data for @firebase/app-check-types@https://registry.npmjs.org/@firebase/app-check-types/-/app-check-types-0.5.4.tgz. Extracting by manifest.
610 silly tarball no local data for idb@https://registry.npmjs.org/idb/-/idb-7.1.1.tgz. Extracting by manifest.
611 silly tarball no local data for @firebase/analytics-types@https://registry.npmjs.org/@firebase/analytics-types/-/analytics-types-0.8.4.tgz. Extracting by manifest.
612 silly tarball no local data for tslib@https://registry.npmjs.org/tslib/-/tslib-2.8.1.tgz. Extracting by manifest.
613 silly tarball no local data for @firebase/logger@https://registry.npmjs.org/@firebase/logger/-/logger-0.5.1.tgz. Extracting by manifest.
614 silly tarball no local data for @firebase/component@https://registry.npmjs.org/@firebase/component/-/component-0.7.3.tgz. Extracting by manifest.
615 silly tarball no local data for @firebase/app-check-interop-types@https://registry.npmjs.org/@firebase/app-check-interop-types/-/app-check-interop-types-0.3.4.tgz. Extracting by manifest.
616 silly tarball no local data for @firebase/util@https://registry.npmjs.org/@firebase/util/-/util-1.15.1.tgz. Extracting by manifest.
617 silly tarball no local data for @firebase/storage-compat@https://registry.npmjs.org/@firebase/storage-compat/-/storage-compat-0.4.3.tgz. Extracting by manifest.
618 silly tarball no local data for @firebase/storage@https://registry.npmjs.org/@firebase/storage/-/storage-0.14.3.tgz. Extracting by manifest.
619 silly tarball no local data for @firebase/remote-config-compat@https://registry.npmjs.org/@firebase/remote-config-compat/-/remote-config-compat-0.2.25.tgz. Extracting by manifest.
620 silly tarball no local data for @firebase/remote-config@https://registry.npmjs.org/@firebase/remote-config/-/remote-config-0.8.4.tgz. Extracting by manifest.
621 silly tarball no local data for @firebase/performance-compat@https://registry.npmjs.org/@firebase/performance-compat/-/performance-compat-0.2.25.tgz. Extracting by manifest.
622 silly tarball no local data for @firebase/performance@https://registry.npmjs.org/@firebase/performance/-/performance-0.7.12.tgz. Extracting by manifest.
623 silly tarball no local data for @firebase/messaging-compat@https://registry.npmjs.org/@firebase/messaging-compat/-/messaging-compat-0.2.27.tgz. Extracting by manifest.
624 silly tarball no local data for @firebase/messaging@https://registry.npmjs.org/@firebase/messaging/-/messaging-0.13.0.tgz. Extracting by manifest.
625 silly tarball no local data for @firebase/installations-compat@https://registry.npmjs.org/@firebase/installations-compat/-/installations-compat-0.2.22.tgz. Extracting by manifest.
626 silly tarball no local data for @firebase/installations@https://registry.npmjs.org/@firebase/installations/-/installations-0.6.22.tgz. Extracting by manifest.
627 silly tarball no local data for @firebase/functions-compat@https://registry.npmjs.org/@firebase/functions-compat/-/functions-compat-0.4.5.tgz. Extracting by manifest.
628 silly tarball no local data for @firebase/functions@https://registry.npmjs.org/@firebase/functions/-/functions-0.13.5.tgz. Extracting by manifest.
629 silly tarball no local data for @firebase/firestore-compat@https://registry.npmjs.org/@firebase/firestore-compat/-/firestore-compat-0.4.10.tgz. Extracting by manifest.
630 silly tarball no local data for @firebase/firestore@https://registry.npmjs.org/@firebase/firestore/-/firestore-4.15.0.tgz. Extracting by manifest.
631 silly tarball no local data for @firebase/database-compat@https://registry.npmjs.org/@firebase/database-compat/-/database-compat-2.1.4.tgz. Extracting by manifest.
632 silly tarball no local data for @firebase/database@https://registry.npmjs.org/@firebase/database/-/database-1.1.3.tgz. Extracting by manifest.
633 silly tarball no local data for @firebase/data-connect@https://registry.npmjs.org/@firebase/data-connect/-/data-connect-0.7.1.tgz. Extracting by manifest.
634 silly tarball no local data for @firebase/auth-compat@https://registry.npmjs.org/@firebase/auth-compat/-/auth-compat-0.6.7.tgz. Extracting by manifest.
635 silly tarball no local data for @firebase/auth@https://registry.npmjs.org/@firebase/auth/-/auth-1.13.2.tgz. Extracting by manifest.
636 silly tarball no local data for @firebase/app-check-compat@https://registry.npmjs.org/@firebase/app-check-compat/-/app-check-compat-0.4.4.tgz. Extracting by manifest.
637 silly tarball no local data for @firebase/app-check@https://registry.npmjs.org/@firebase/app-check/-/app-check-0.11.4.tgz. Extracting by manifest.
638 silly tarball no local data for @firebase/app-compat@https://registry.npmjs.org/@firebase/app-compat/-/app-compat-0.5.13.tgz. Extracting by manifest.
639 silly tarball no local data for @firebase/analytics-compat@https://registry.npmjs.org/@firebase/analytics-compat/-/analytics-compat-0.2.28.tgz. Extracting by manifest.
640 silly tarball no local data for @firebase/analytics@https://registry.npmjs.org/@firebase/analytics/-/analytics-0.10.22.tgz. Extracting by manifest.
641 silly tarball no local data for @firebase/app-types@https://registry.npmjs.org/@firebase/app-types/-/app-types-0.9.5.tgz. Extracting by manifest.
642 silly tarball no local data for @firebase/app@https://registry.npmjs.org/@firebase/app/-/app-0.14.13.tgz. Extracting by manifest.
643 silly tarball no local data for @firebase/ai@https://registry.npmjs.org/@firebase/ai/-/ai-2.13.0.tgz. Extracting by manifest.
644 silly tarball no local data for firebase@https://registry.npmjs.org/firebase/-/firebase-12.14.0.tgz. Extracting by manifest.
645 http fetch GET 200 https://registry.npmjs.org/color-name/-/color-name-1.1.4.tgz 571ms (cache miss)
646 http fetch GET 200 https://registry.npmjs.org/safe-buffer/-/safe-buffer-5.2.1.tgz 707ms (cache miss)
647 http fetch GET 200 https://registry.npmjs.org/strip-ansi/-/strip-ansi-6.0.1.tgz 755ms (cache miss)
648 http fetch GET 200 https://registry.npmjs.org/ansi-styles/-/ansi-styles-4.3.0.tgz 770ms (cache miss)
649 http fetch GET 200 https://registry.npmjs.org/ansi-regex/-/ansi-regex-5.0.1.tgz 769ms (cache miss)
650 http fetch GET 200 https://registry.npmjs.org/is-fullwidth-code-point/-/is-fullwidth-code-point-3.0.0.tgz 780ms (cache miss)
651 http fetch GET 200 https://registry.npmjs.org/@protobufjs/aspromise/-/aspromise-1.1.2.tgz 768ms (cache miss)
652 http fetch GET 200 https://registry.npmjs.org/wrap-ansi/-/wrap-ansi-7.0.0.tgz 789ms (cache miss)
653 http fetch GET 200 https://registry.npmjs.org/@protobufjs/eventemitter/-/eventemitter-1.1.1.tgz 780ms (cache miss)
654 http fetch GET 200 https://registry.npmjs.org/@protobufjs/fetch/-/fetch-1.1.1.tgz 781ms (cache miss)
655 http fetch GET 200 https://registry.npmjs.org/@firebase/analytics-types/-/analytics-types-0.8.4.tgz 767ms (cache miss)
656 http fetch GET 200 https://registry.npmjs.org/http-parser-js/-/http-parser-js-0.5.10.tgz 797ms (cache miss)
657 http fetch GET 200 https://registry.npmjs.org/get-caller-file/-/get-caller-file-2.0.5.tgz 801ms (cache miss)
658 http fetch GET 200 https://registry.npmjs.org/@protobufjs/path/-/path-1.1.2.tgz 797ms (cache miss)
659 http fetch GET 200 https://registry.npmjs.org/@protobufjs/codegen/-/codegen-2.0.5.tgz 794ms (cache miss)
660 http fetch GET 200 https://registry.npmjs.org/@firebase/installations-types/-/installations-types-0.5.4.tgz 789ms (cache miss)
661 http fetch GET 200 https://registry.npmjs.org/string-width/-/string-width-4.2.3.tgz 814ms (cache miss)
662 http fetch GET 200 https://registry.npmjs.org/@protobufjs/pool/-/pool-1.1.0.tgz 810ms (cache miss)
663 http fetch GET 200 https://registry.npmjs.org/@protobufjs/float/-/float-1.0.2.tgz 809ms (cache miss)
664 http fetch GET 200 https://registry.npmjs.org/lodash.camelcase/-/lodash.camelcase-4.3.0.tgz 802ms (cache miss)
665 http fetch GET 200 https://registry.npmjs.org/@firebase/performance-types/-/performance-types-0.2.4.tgz 802ms (cache miss)
666 http fetch GET 200 https://registry.npmjs.org/@firebase/functions-types/-/functions-types-0.6.4.tgz 800ms (cache miss)
667 http fetch GET 200 https://registry.npmjs.org/@firebase/auth-interop-types/-/auth-interop-types-0.2.5.tgz 796ms (cache miss)
668 http fetch GET 200 https://registry.npmjs.org/@firebase/auth-types/-/auth-types-0.13.1.tgz 796ms (cache miss)
669 http fetch GET 200 https://registry.npmjs.org/@firebase/app-check-interop-types/-/app-check-interop-types-0.3.4.tgz 792ms (cache miss)
670 http fetch GET 200 https://registry.npmjs.org/emoji-regex/-/emoji-regex-8.0.0.tgz 829ms (cache miss)
671 http fetch GET 200 https://registry.npmjs.org/require-directory/-/require-directory-2.1.1.tgz 826ms (cache miss)
672 http fetch GET 200 https://registry.npmjs.org/@protobufjs/base64/-/base64-1.1.2.tgz 817ms (cache miss)
673 http fetch GET 200 https://registry.npmjs.org/@firebase/installations-compat/-/installations-compat-0.2.22.tgz 796ms (cache miss)
674 http fetch GET 200 https://registry.npmjs.org/color-convert/-/color-convert-2.0.1.tgz 841ms (cache miss)
675 http fetch GET 200 https://registry.npmjs.org/@firebase/storage-types/-/storage-types-0.8.4.tgz 822ms (cache miss)
676 http fetch GET 200 https://registry.npmjs.org/@firebase/remote-config-types/-/remote-config-types-0.5.1.tgz 821ms (cache miss)
677 http fetch GET 200 https://registry.npmjs.org/@firebase/messaging-interop-types/-/messaging-interop-types-0.2.5.tgz 819ms (cache miss)
678 http fetch GET 200 https://registry.npmjs.org/@firebase/database-types/-/database-types-1.0.20.tgz 817ms (cache miss)
679 http fetch GET 200 https://registry.npmjs.org/@firebase/app-check-types/-/app-check-types-0.5.4.tgz 815ms (cache miss)
680 http fetch GET 200 https://registry.npmjs.org/@firebase/analytics-compat/-/analytics-compat-0.2.28.tgz 802ms (cache miss)
681 http fetch GET 200 https://registry.npmjs.org/escalade/-/escalade-3.2.0.tgz 845ms (cache miss)
682 http fetch GET 200 https://registry.npmjs.org/@firebase/app-types/-/app-types-0.9.5.tgz 808ms (cache miss)
683 http fetch GET 200 https://registry.npmjs.org/@firebase/firestore-types/-/firestore-types-3.0.4.tgz 836ms (cache miss)
684 http fetch GET 200 https://registry.npmjs.org/y18n/-/y18n-5.0.8.tgz 865ms (cache miss)
685 http fetch GET 200 https://registry.npmjs.org/@firebase/functions-compat/-/functions-compat-0.4.5.tgz 832ms (cache miss)
686 http fetch GET 200 https://registry.npmjs.org/@protobufjs/inquire/-/inquire-1.1.2.tgz 886ms (cache miss)
687 http fetch GET 200 https://registry.npmjs.org/cliui/-/cliui-8.0.1.tgz 909ms (cache miss)
688 http fetch GET 200 https://registry.npmjs.org/tslib/-/tslib-2.8.1.tgz 901ms (cache miss)
689 http fetch GET 200 https://registry.npmjs.org/websocket-extensions/-/websocket-extensions-0.1.4.tgz 938ms (cache miss)
690 http fetch GET 200 https://registry.npmjs.org/@protobufjs/utf8/-/utf8-1.1.1.tgz 962ms (cache miss)
691 http fetch GET 200 https://registry.npmjs.org/long/-/long-5.3.2.tgz 959ms (cache miss)
692 http fetch GET 200 https://registry.npmjs.org/faye-websocket/-/faye-websocket-0.11.4.tgz 1045ms (cache miss)
693 http fetch GET 200 https://registry.npmjs.org/yargs-parser/-/yargs-parser-21.1.1.tgz 1129ms (cache miss)
694 http fetch GET 200 https://registry.npmjs.org/@grpc/proto-loader/-/proto-loader-0.7.15.tgz 1142ms (cache miss)
695 http fetch GET 200 https://registry.npmjs.org/@firebase/logger/-/logger-0.5.1.tgz 1151ms (cache miss)
696 http fetch GET 200 https://registry.npmjs.org/undici-types/-/undici-types-7.24.6.tgz 1175ms (cache miss)
697 http fetch GET 200 https://registry.npmjs.org/idb/-/idb-7.1.1.tgz 1163ms (cache miss)
698 http fetch GET 200 https://registry.npmjs.org/@firebase/app-check-compat/-/app-check-compat-0.4.4.tgz 1168ms (cache miss)
699 http fetch GET 200 https://registry.npmjs.org/@firebase/remote-config-compat/-/remote-config-compat-0.2.25.tgz 1193ms (cache miss)
700 http fetch GET 200 https://registry.npmjs.org/@firebase/messaging-compat/-/messaging-compat-0.2.27.tgz 1194ms (cache miss)
701 http fetch GET 200 https://registry.npmjs.org/@firebase/performance-compat/-/performance-compat-0.2.25.tgz 1207ms (cache miss)
702 http fetch GET 200 https://registry.npmjs.org/websocket-driver/-/websocket-driver-0.7.5.tgz 1328ms (cache miss)
703 http fetch GET 200 https://registry.npmjs.org/@firebase/component/-/component-0.7.3.tgz 1341ms (cache miss)
704 http fetch GET 200 https://registry.npmjs.org/@firebase/webchannel-wrapper/-/webchannel-wrapper-1.0.6.tgz 1367ms (cache miss)
705 http fetch GET 200 https://registry.npmjs.org/@firebase/functions/-/functions-0.13.5.tgz 1431ms (cache miss)
706 http fetch GET 200 https://registry.npmjs.org/@firebase/storage-compat/-/storage-compat-0.4.3.tgz 1448ms (cache miss)
707 http fetch GET 200 https://registry.npmjs.org/@firebase/app-compat/-/app-compat-0.5.13.tgz 1533ms (cache miss)
708 http fetch GET 200 https://registry.npmjs.org/yargs/-/yargs-17.7.2.tgz 1616ms (cache miss)
709 http fetch GET 200 https://registry.npmjs.org/@firebase/analytics/-/analytics-0.10.22.tgz 1610ms (cache miss)
710 http fetch GET 200 https://registry.npmjs.org/@firebase/app/-/app-0.14.13.tgz 1686ms (cache miss)
711 http fetch GET 200 https://registry.npmjs.org/@types/node/-/node-25.9.3.tgz 1772ms (cache miss)
712 http fetch GET 200 https://registry.npmjs.org/@firebase/remote-config/-/remote-config-0.8.4.tgz 1777ms (cache miss)
713 http fetch GET 200 https://registry.npmjs.org/@firebase/performance/-/performance-0.7.12.tgz 1782ms (cache miss)
714 http fetch GET 200 https://registry.npmjs.org/@firebase/app-check/-/app-check-0.11.4.tgz 1801ms (cache miss)
715 http fetch GET 200 https://registry.npmjs.org/@firebase/auth-compat/-/auth-compat-0.6.7.tgz 1917ms (cache miss)
716 http fetch GET 200 https://registry.npmjs.org/protobufjs/-/protobufjs-7.6.3.tgz 1952ms (cache miss)
717 http fetch GET 200 https://registry.npmjs.org/@firebase/installations/-/installations-0.6.22.tgz 1936ms (cache miss)
718 http fetch GET 200 https://registry.npmjs.org/@firebase/database-compat/-/database-compat-2.1.4.tgz 1975ms (cache miss)
719 http fetch GET 200 https://registry.npmjs.org/@firebase/firestore-compat/-/firestore-compat-0.4.10.tgz 1976ms (cache miss)
720 http fetch GET 200 https://registry.npmjs.org/@firebase/util/-/util-1.15.1.tgz 1995ms (cache miss)
721 http fetch GET 200 https://registry.npmjs.org/@firebase/data-connect/-/data-connect-0.7.1.tgz 2110ms (cache miss)
722 http fetch GET 200 https://registry.npmjs.org/@firebase/storage/-/storage-0.14.3.tgz 2158ms (cache miss)
723 http fetch GET 200 https://registry.npmjs.org/web-vitals/-/web-vitals-4.2.4.tgz 2175ms (cache miss)
724 http fetch GET 200 https://registry.npmjs.org/@firebase/messaging/-/messaging-0.13.0.tgz 2187ms (cache miss)
725 http fetch GET 200 https://registry.npmjs.org/@firebase/ai/-/ai-2.13.0.tgz 2244ms (cache miss)
726 http fetch GET 200 https://registry.npmjs.org/@firebase/database/-/database-1.1.3.tgz 2881ms (cache miss)
727 http fetch GET 200 https://registry.npmjs.org/@grpc/grpc-js/-/grpc-js-1.9.16.tgz 3556ms (cache miss)
728 http fetch GET 200 https://registry.npmjs.org/@firebase/auth/-/auth-1.13.2.tgz 5040ms (cache miss)
729 http fetch GET 200 https://registry.npmjs.org/@firebase/firestore/-/firestore-4.15.0.tgz 5775ms (cache miss)
730 http fetch GET 200 https://registry.npmjs.org/firebase/-/firebase-12.14.0.tgz 5991ms (cache miss)
731 info run @firebase/util@1.15.1 postinstall node_modules/@firebase/util node ./postinstall.js
732 info run @firebase/util@1.15.1 postinstall { code: 0, signal: null }
733 info run protobufjs@7.6.3 postinstall node_modules/protobufjs node scripts/postinstall
734 info run protobufjs@7.6.3 postinstall { code: 0, signal: null }
735 silly ADD node_modules/color-name
736 silly ADD node_modules/color-convert
737 silly ADD node_modules/ansi-styles
738 silly ADD node_modules/ansi-regex
739 silly ADD node_modules/is-fullwidth-code-point
740 silly ADD node_modules/emoji-regex
741 silly ADD node_modules/wrap-ansi
742 silly ADD node_modules/strip-ansi
743 silly ADD node_modules/yargs-parser
744 silly ADD node_modules/y18n
745 silly ADD node_modules/string-width
746 silly ADD node_modules/require-directory
747 silly ADD node_modules/get-caller-file
748 silly ADD node_modules/escalade
749 silly ADD node_modules/cliui
750 silly ADD node_modules/websocket-extensions
751 silly ADD node_modules/safe-buffer
752 silly ADD node_modules/http-parser-js
753 silly ADD node_modules/@protobufjs/utf8
754 silly ADD node_modules/@protobufjs/pool
755 silly ADD node_modules/@protobufjs/path
756 silly ADD node_modules/@protobufjs/inquire
757 silly ADD node_modules/@protobufjs/float
758 silly ADD node_modules/@protobufjs/fetch
759 silly ADD node_modules/@protobufjs/eventemitter
760 silly ADD node_modules/@protobufjs/codegen
761 silly ADD node_modules/@protobufjs/base64
762 silly ADD node_modules/@protobufjs/aspromise
763 silly ADD node_modules/websocket-driver
764 silly ADD node_modules/undici-types
765 silly ADD node_modules/yargs
766 silly ADD node_modules/protobufjs
767 silly ADD node_modules/long
768 silly ADD node_modules/lodash.camelcase
769 silly ADD node_modules/@types/node
770 silly ADD node_modules/@firebase/storage-types
771 silly ADD node_modules/@firebase/remote-config-types
772 silly ADD node_modules/@firebase/performance-types
773 silly ADD node_modules/web-vitals
774 silly ADD node_modules/@firebase/installations-types
775 silly ADD node_modules/@firebase/functions-types
776 silly ADD node_modules/@firebase/messaging-interop-types
777 silly ADD node_modules/@firebase/firestore-types
778 silly ADD node_modules/@grpc/proto-loader
779 silly ADD node_modules/@grpc/grpc-js
780 silly ADD node_modules/@firebase/webchannel-wrapper
781 silly ADD node_modules/@firebase/database-types
782 silly ADD node_modules/faye-websocket
783 silly ADD node_modules/@firebase/auth-interop-types
784 silly ADD node_modules/@firebase/auth-types
785 silly ADD node_modules/@firebase/app-check-types
786 silly ADD node_modules/idb
787 silly ADD node_modules/@firebase/analytics-types
788 silly ADD node_modules/tslib
789 silly ADD node_modules/@firebase/logger
790 silly ADD node_modules/@firebase/component
791 silly ADD node_modules/@firebase/app-check-interop-types
792 silly ADD node_modules/@firebase/util
793 silly ADD node_modules/@firebase/storage-compat
794 silly ADD node_modules/@firebase/storage
795 silly ADD node_modules/@firebase/remote-config-compat
796 silly ADD node_modules/@firebase/remote-config
797 silly ADD node_modules/@firebase/performance-compat
798 silly ADD node_modules/@firebase/performance
799 silly ADD node_modules/@firebase/messaging-compat
800 silly ADD node_modules/@firebase/messaging
801 silly ADD node_modules/@firebase/installations-compat
802 silly ADD node_modules/@firebase/installations
803 silly ADD node_modules/@firebase/functions-compat
804 silly ADD node_modules/@firebase/functions
805 silly ADD node_modules/@firebase/firestore-compat
806 silly ADD node_modules/@firebase/firestore
807 silly ADD node_modules/@firebase/database-compat
808 silly ADD node_modules/@firebase/database
809 silly ADD node_modules/@firebase/data-connect
810 silly ADD node_modules/@firebase/auth-compat
811 silly ADD node_modules/@firebase/auth
812 silly ADD node_modules/@firebase/app-check-compat
813 silly ADD node_modules/@firebase/app-check
814 silly ADD node_modules/@firebase/app-compat
815 silly ADD node_modules/@firebase/analytics-compat
816 silly ADD node_modules/@firebase/analytics
817 silly ADD node_modules/@firebase/app-types
818 silly ADD node_modules/@firebase/app
819 silly ADD node_modules/@firebase/ai
820 silly ADD node_modules/firebase
821 warn allow-scripts 2 packages have install scripts not yet covered by allowScripts:
821 warn allow-scripts   @firebase/util@1.15.1 (postinstall: node ./postinstall.js)
821 warn allow-scripts   protobufjs@7.6.3 (postinstall: node scripts/postinstall)
821 warn allow-scripts
821 warn allow-scripts Run `npm approve-scripts --allow-scripts-pending` to review, or `npm approve-scripts <pkg>` to allow.
822 verbose cwd /home/jeevapown29
823 verbose os Linux 6.6.137+
824 verbose node v24.16.0
825 verbose npm  v11.16.0
826 verbose exit 0
827 info ok
